28/10/24|16:56|PABLO||BLAS|JUAN|ZOE||5|PABLO
28/10/24|17:44|{JUAN}||ZOE|ANA|PABLO||5|JUAN
28/10/24|17:53|{}|PABLO||5|
28/10/24|17:55|{}|LUIS||5|
28/10/24|18:00|{}|ELENA||5|
28/10/24|18:02|{DORI}||FRAN||5|DORI
28/10/24|18:05|{PABLO}||ZOE||5|PABLO
28/10/24|18:17|{BLAS}|BLAS|JUAN|ZOE|ZOE||5|BLAS
28/10/24|18:18|{LUIS}|LUIS|LUIS|PABLO|DORI||5|LUIS
28/10/24|18:23|{ELENA}|ELENA|ELENA|ZOE|PABLO||5|ELENA
28/10/24|18:25|DORI|DORI|ZOE|DORI|DORI||5|DORI
28/10/24|18:29|FRAN|FRAN|FRAN|FRAN|FRAN||5|FRAN
28/10/24|18:29|ANA|ANA|ANA|BLAS|ANA||5|ANA
28/10/24|18:31|{ELENA}|ELENA|CARMEN|ELENA|PABLO||5|ELENA
28/10/24|18:31|{ANA}|ANA|CARMEN|CARMEN|ANA||5|ANA
28/10/24|18:32|{LUIS}||BLAS|ZOE|BLAS||5|LUIS
28/10/24|18:35|{PABLO}||JUAN|LUIS|FRAN||5|PABLO
28/10/24|18:38|{LUIS}||ELENA|PABLO|DORI|6 segundos|5|LUIS
28/10/24|18:40|FRAN||CARMEN|ANA|ELENA|2 segundos|5|FRAN
28/10/24|18:44|FRAN|DORI|LUIS|LUIS|3 segundos|5|FRAN
28/10/24|18:47|CARMEN|DORI|BLAS|ELENA|3 segundos|5|CARMEN
28/10/24|18:49|PABLO||DORI|FRAN|ELENA|3 segundos|5|PABLO
28/10/24|18:50||DORI|ANA|CARMEN|2 segundos|5|DORI
28/10/24|18:53||ANA|ELENA|FRAN|2 segundos|5|ANA
28/10/24|18:55||9 segundos|5|CARMEN
28/10/24|18:55||CARMEN|JUAN|PABLO|2 segundos|5|CARMEN
28/10/24|18:56||PABLO|DORI|ANA|2 segundos|5|PABLO
28/10/24|18:57||JUAN|DORI|LUIS|12 segundos|5|JUAN
28/10/24|18:57||BLAS|PABLO|ELENA|CARMEN|5 segundos|5|BLAS
28/10/24|18:59||ZOE|DORI|PABLO|FRAN|3 segundos|5|ZOE
28/10/24|19:00||FRAN|LUIS|ELENA|ZOE|CARMEN|2 segundos|5|FRAN
28/10/24|19:00|CARMEN|BLAS|ZOE|JUAN|FRAN|1 segundos|5|CARMEN
29/10/24|11:49|ZOE|17 segundos|6|ZOE
29/10/24|11:50|FRAN|12 segundos|6|FRAN
29/10/24|11:56|JUAN|25 segundos|6|JUAN
30/10/24|09:45|LUIS|5 segundos|6|LUIS
30/10/24|10:11|JUAN|CARMEN|DORI|ANA|LUIS|7 segundos|6|JUAN
30/10/24|10:13|LUIS|ZOE|ANA|PABLO|FRAN|7 segundos|6|LUIS
30/10/24|10:13|ELENA|ANA|BLAS|JUAN|LUIS|6 segundos|6|ELENA
30/10/24|10:14|CARMEN|LUIS|DORI|ZOE|BLAS||10 segundos|6|JUAN
30/10/24|10:16|LUIS|ZOE|DORI|ANA|PABLO|FRAN||27 segundos|6|LUIS
30/10/24|10:17|DORI|JUAN|PABLO|CARMEN|ZOE|LUIS|BLAS|FRAN||13 segundos|8|DORI
30/10/24|11:08|CARMEN|FRAN|ANA|BLAS|JUAN||17 segundos|5|CARMEN
30/10/24|11:24|CARMEN|JUAN|ANA|ZOE|PABLO|26 segundos|5|CARMEN
30/10/24|11:24|FRAN|BLAS|ZOE|PABLO|LUIS|2 segundos|5|FRAN
